<?xml version="1.0" encoding="UTF-8"?>
<testng-results total="1" passed="1" failed="0" skipped="0">
  <reporter-output>
  </reporter-output>
  <suite started-at="2022-02-17T11:12:50Z" name="Default suite" finished-at="2022-02-17T11:14:36Z" duration-ms="105692">
    <groups>
    </groups>
    <test started-at="2022-02-17T11:12:50Z" name="Default test" finished-at="2022-02-17T11:14:36Z" duration-ms="105692">
      <class name="testscript.TestRunner">
        <test-method signature="TestIvestec()[pri:0, instance:testscript.TestRunner@4b7dc788]" started-at="2022-02-17T13:12:50Z" name="TestIvestec" finished-at="2022-02-17T13:14:36Z" duration-ms="105666" status="PASS">
          <reporter-output>
          </reporter-output>
        </test-method> <!-- TestIvestec -->
      </class> <!-- testscript.TestRunner -->
    </test> <!-- Default test -->
  </suite> <!-- Default suite -->
</testng-results>
